<?xml version="1.0" encoding="UTF-8"?>
<!-- Generated by org.testng.reporters.JUnitReportReporter -->
<testsuite hostname="LP-J54M1Z2" failures="0" tests="5" name="com.automationpractice.conga.Scenario3" time="16.777" errors="0" timestamp="2021-03-05T18:31:20 IST" skipped="0">
  <testcase classname="com.automationpractice.conga.Scenario3" name="registerWithoutApiPOST" time="6.616"/>
  <system-out/>
  <testcase classname="com.automationpractice.conga.Scenario3" name="registerWithApiPOST" time="6.550"/>
  <system-out/>
  <testcase classname="com.automationpractice.conga.Scenario3" name="verifyRegisteredStationsGET" time="1.325"/>
  <system-out/>
  <testcase classname="com.automationpractice.conga.Scenario3" name="deleteStationDELETE" time="1.099"/>
  <system-out/>
  <testcase classname="com.automationpractice.conga.Scenario3" name="deleteDeletedStationDELETE" time="1.187"/>
  <system-out/>
</testsuite> <!-- com.automationpractice.conga.Scenario3 -->
