<?xml version="1.0" encoding="UTF-8"?>
<!-- Generated by org.testng.reporters.JUnitReportReporter -->
<testsuite hostname="LP-J54M1Z2" failures="0" tests="5" name="weatherapi.Scenario3" time="6.463" errors="0" timestamp="2021-03-05T14:26:33 IST" skipped="0">
  <testcase classname="weatherapi.Scenario3" name="registerWithoutApiPOST" time="1.633"/>
  <system-out/>
  <testcase classname="weatherapi.Scenario3" name="registerWithApiPOST" time="1.353"/>
  <system-out/>
  <testcase classname="weatherapi.Scenario3" name="verifyRegisteredStationsGET" time="1.169"/>
  <system-out/>
  <testcase classname="weatherapi.Scenario3" name="deleteStationDELETE" time="1.082"/>
  <system-out/>
  <testcase classname="weatherapi.Scenario3" name="deleteDeletedStationDELETE" time="1.226"/>
  <system-out/>
</testsuite> <!-- weatherapi.Scenario3 -->
