<?xml version="1.0" encoding="UTF-8"?>
<!-- Generated by org.testng.reporters.JUnitReportReporter -->
<testsuite hostname="LP-J54M1Z2" failures="0" tests="5" name="org.openweathermap.conga.Scenario3" time="8.776" errors="0" timestamp="2021-03-05T18:12:46 IST" skipped="0">
  <testcase classname="org.openweathermap.conga.Scenario3" name="registerWithoutApiPOST" time="3.156"/>
  <system-out/>
  <testcase classname="org.openweathermap.conga.Scenario3" name="registerWithApiPOST" time="2.207"/>
  <system-out/>
  <testcase classname="org.openweathermap.conga.Scenario3" name="verifyRegisteredStationsGET" time="1.159"/>
  <system-out/>
  <testcase classname="org.openweathermap.conga.Scenario3" name="deleteStationDELETE" time="1.109"/>
  <system-out/>
  <testcase classname="org.openweathermap.conga.Scenario3" name="deleteDeletedStationDELETE" time="1.145"/>
  <system-out/>
</testsuite> <!-- org.openweathermap.conga.Scenario3 -->
