<?xml version="1.0" encoding="UTF-8"?>
<!-- Generated by org.testng.reporters.JUnitReportReporter -->
<testsuite hostname="LP-J54M1Z2" failures="0" tests="1" name="com.automationpractice.conga.Scenario1" time="22.253" errors="0" timestamp="2021-03-05T18:32:34 IST" skipped="0">
  <testcase classname="com.automationpractice.conga.Scenario1" name="shopping" time="22.253"/>
  <system-out/>
</testsuite> <!-- com.automationpractice.conga.Scenario1 -->
